2024-12-23 12:59:53,603 - ERROR - Folder not found: path\to\gambar\A
2024-12-23 12:59:53,603 - ERROR - Folder not found: path\to\gambar\M
2024-12-23 12:59:53,604 - ERROR - No features were successfully extracted
2024-12-23 13:00:55,236 - INFO - Processing folder: A
2024-12-23 13:00:55,236 - INFO - Processing image: 1730169170856.jpg
2024-12-23 13:00:55,458 - INFO - Processing image: 1730169170898.jpg
2024-12-23 13:00:55,652 - INFO - Processing image: 1730169170955.jpg
2024-12-23 13:00:55,804 - INFO - Processing image: 1730169171013.jpg
2024-12-23 13:00:55,949 - INFO - Processing image: 1730169171084.jpg
2024-12-23 13:00:56,162 - INFO - Processing image: 1730169171113.jpg
2024-12-23 13:00:56,333 - INFO - Processing image: 1730169171185.jpg
2024-12-23 13:00:56,566 - INFO - Processing image: 1730169171207.jpg
2024-12-23 13:00:56,821 - INFO - Processing image: 1730169171291.jpg
2024-12-23 13:00:56,975 - INFO - Processing image: 1730169171357.jpg
2024-12-23 13:00:57,188 - INFO - Processing folder: M
2024-12-23 13:00:57,188 - INFO - Processing image: 1730169170835.jpg
2024-12-23 13:00:57,456 - INFO - Processing image: 1730169170878.jpg
2024-12-23 13:00:57,778 - INFO - Processing image: 1730169170927.jpg
2024-12-23 13:00:57,995 - INFO - Processing image: 1730169170980.jpg
2024-12-23 13:00:58,261 - INFO - Processing image: 1730169171049.jpg
2024-12-23 13:00:58,521 - INFO - Processing image: 1730169171139.jpg
2024-12-23 13:00:58,696 - INFO - Processing image: 1730169171162.jpg
2024-12-23 13:00:58,969 - INFO - Processing image: 1730169171233.jpg
2024-12-23 13:00:59,171 - INFO - Processing image: 1730169171266.jpg
2024-12-23 13:00:59,366 - INFO - Processing image: 1730169171325.jpg
2024-12-23 17:57:34,414 - INFO - Processing folder: A
2024-12-23 17:57:34,416 - INFO - Processing image: 1730169171084.jpg
2024-12-23 17:57:34,567 - INFO - Processing image: 1730169171113.jpg
2024-12-23 17:57:34,734 - INFO - Processing image: 1730169171291.jpg
2024-12-23 17:57:34,866 - INFO - Processing image: Daffa.jpg
2024-12-23 17:57:35,002 - INFO - Processing image: Faras.jpg
2024-12-23 17:57:35,179 - INFO - Processing image: Faruq.jpg
2024-12-23 17:57:35,299 - INFO - Processing image: Gilang.jpg
2024-12-23 17:57:35,414 - INFO - Processing image: Nabil.jpg
2024-12-23 17:57:35,534 - INFO - Processing image: Rapli.jpg
2024-12-23 17:57:35,664 - INFO - Processing image: Zaki.jpg
2024-12-23 17:57:35,785 - INFO - Processing folder: M
2024-12-23 17:57:35,786 - INFO - Processing image: 1730169170927.jpg
2024-12-23 17:57:35,908 - INFO - Processing image: 1730169171049.jpg
2024-12-23 17:57:36,018 - INFO - Processing image: 1730169171139.jpg
2024-12-23 17:57:36,135 - INFO - Processing image: 1730169171325.jpg
2024-12-23 17:57:36,258 - INFO - Processing image: Daffa.jpg
2024-12-23 17:57:36,378 - INFO - Processing image: Dhimas.jpg
2024-12-23 17:57:36,508 - INFO - Processing image: Faras.jpg
2024-12-23 17:57:36,627 - INFO - Processing image: Faruq.jpg
2024-12-23 17:57:36,756 - INFO - Processing image: Gilang.jpg
2024-12-23 17:57:36,881 - INFO - Processing image: Nabil.jpg
2024-12-23 18:33:25,144 - INFO - Processing folder: A
2024-12-23 18:33:25,149 - INFO - Processing image: 1730169171084.jpg
2024-12-23 18:33:25,297 - INFO - Processing image: 1730169171113.jpg
2024-12-23 18:33:25,419 - INFO - Processing image: 1730169171291.jpg
2024-12-23 18:33:25,556 - INFO - Processing image: Daffa.jpg
2024-12-23 18:33:25,683 - INFO - Processing image: Faras.jpg
2024-12-23 18:33:25,800 - INFO - Processing image: Faruq.jpg
2024-12-23 18:33:25,907 - INFO - Processing image: Gilang.jpg
2024-12-23 18:33:26,049 - INFO - Processing image: Nabil.jpg
2024-12-23 18:33:26,174 - INFO - Processing image: Rapli.jpg
2024-12-23 18:33:26,282 - INFO - Processing image: Zaki.jpg
2024-12-23 18:33:26,384 - INFO - Processing folder: M
2024-12-23 18:33:26,384 - INFO - Processing image: 1730169170927.jpg
2024-12-23 18:33:26,495 - INFO - Processing image: 1730169171049.jpg
2024-12-23 18:33:26,597 - INFO - Processing image: 1730169171139.jpg
2024-12-23 18:33:26,693 - INFO - Processing image: 1730169171325.jpg
2024-12-23 18:33:26,841 - INFO - Processing image: Daffa.jpg
2024-12-23 18:33:26,951 - INFO - Processing image: Dhimas.jpg
2024-12-23 18:33:27,095 - INFO - Processing image: Faras.jpg
2024-12-23 18:33:27,200 - INFO - Processing image: Faruq.jpg
2024-12-23 18:33:27,304 - INFO - Processing image: Gilang.jpg
2024-12-23 18:33:27,460 - INFO - Processing image: Nabil.jpg
